[     521ms] [VERBOSE] [DOM] Password field is not contained in a form: (More info: https://goo.gl/9p2vKq) @ http://localhost:8081/sign-in:0
[   40883ms] [INFO] %cDownload the React DevTools for a better development experience: https://react.dev/link/react-devtools font-weight:bold @ http://localhost:8081/node_modules/.pnpm/expo-router@55.0.12_012c6fff60264ad2fec13d1935aed8c5/node_modules/expo-router/entry.bundle?platform=web&dev=true&hot=false&lazy=true&transform.engine=hermes&transform.routerRoot=app&unstable_transformProfile=hermes-stable:19329
[   41007ms] [LOG] Running application "main" with appParams:
 {rootTag: #root, hydrate: undefined} 
Development-level warnings: ON.
Performance optimizations: OFF. @ http://localhost:8081/node_modules/.pnpm/expo-router@55.0.12_012c6fff60264ad2fec13d1935aed8c5/node_modules/expo-router/entry.bundle?platform=web&dev=true&hot=false&lazy=true&transform.engine=hermes&transform.routerRoot=app&unstable_transformProfile=hermes-stable:59674
[   41377ms] [WARNING] [expo-av]: Expo AV has been deprecated and will be removed in SDK 54. Use the `expo-audio` and `expo-video` packages to replace the required functionality. @ http://localhost:8081/node_modules/.pnpm/expo-router@55.0.12_012c6fff60264ad2fec13d1935aed8c5/node_modules/expo-router/entry.bundle?platform=web&dev=true&hot=false&lazy=true&transform.engine=hermes&transform.routerRoot=app&unstable_transformProfile=hermes-stable:231033
[   45049ms] [WARNING] "shadow*" style props are deprecated. Use "boxShadow". @ http://localhost:8081/node_modules/.pnpm/expo-router@55.0.12_012c6fff60264ad2fec13d1935aed8c5/node_modules/expo-router/entry.bundle?platform=web&dev=true&hot=false&lazy=true&transform.engine=hermes&transform.routerRoot=app&unstable_transformProfile=hermes-stable:39957
[   45101ms] [WARNING] props.pointerEvents is deprecated. Use style.pointerEvents @ http://localhost:8081/node_modules/.pnpm/expo-router@55.0.12_012c6fff60264ad2fec13d1935aed8c5/node_modules/expo-router/entry.bundle?platform=web&dev=true&hot=false&lazy=true&transform.engine=hermes&transform.routerRoot=app&unstable_transformProfile=hermes-stable:39957
[  120048ms] [WARNING] Animated: `useNativeDriver` is not supported because the native animated module is missing. Falling back to JS-based animation. To resolve this, add `RCTAnimation` module to this app, or remove `useNativeDriver`. Make sure to run `bundle exec pod install` first. Read more about autolinking: https://github.com/react-native-community/cli/blob/master/docs/autolinking.md @ http://localhost:8081/node_modules/.pnpm/expo-router@55.0.12_012c6fff60264ad2fec13d1935aed8c5/node_modules/expo-router/entry.bundle?platform=web&dev=true&hot=false&lazy=true&transform.engine=hermes&transform.routerRoot=app&unstable_transformProfile=hermes-stable:54579
[  377904ms] [WARNING] Blocked aria-hidden on an element because its descendant retained focus. The focus must not be hidden from assistive technology users. Avoid using aria-hidden on a focused element or its ancestor. Consider using the inert attribute instead, which will also prevent focus. For more details, see the aria-hidden section of the WAI-ARIA specification at https://w3c.github.io/aria/#aria-hidden.
Element with focus: <div.css-view-g5y9jx r-transitionProperty-1i6wzkk r-userSelect-lrvibr r-cursor-1loqt21 r-touchAction-1otgn73>
Ancestor with aria-hidden: <div.css-view-g5y9jx r-flex-13awgt0> @ http://localhost:8081/tasks:0
[  694402ms] [INFO] %cDownload the React DevTools for a better development experience: https://react.dev/link/react-devtools font-weight:bold @ http://localhost:8081/node_modules/.pnpm/expo-router@55.0.12_012c6fff60264ad2fec13d1935aed8c5/node_modules/expo-router/entry.bundle?platform=web&dev=true&hot=false&lazy=true&transform.engine=hermes&transform.routerRoot=app&unstable_transformProfile=hermes-stable:19329
[  694501ms] [LOG] Running application "main" with appParams:
 {rootTag: #root, hydrate: undefined} 
Development-level warnings: ON.
Performance optimizations: OFF. @ http://localhost:8081/node_modules/.pnpm/expo-router@55.0.12_012c6fff60264ad2fec13d1935aed8c5/node_modules/expo-router/entry.bundle?platform=web&dev=true&hot=false&lazy=true&transform.engine=hermes&transform.routerRoot=app&unstable_transformProfile=hermes-stable:59674
[  694908ms] [WARNING] [expo-av]: Expo AV has been deprecated and will be removed in SDK 54. Use the `expo-audio` and `expo-video` packages to replace the required functionality. @ http://localhost:8081/node_modules/.pnpm/expo-router@55.0.12_012c6fff60264ad2fec13d1935aed8c5/node_modules/expo-router/entry.bundle?platform=web&dev=true&hot=false&lazy=true&transform.engine=hermes&transform.routerRoot=app&unstable_transformProfile=hermes-stable:231033
[  698693ms] [WARNING] "shadow*" style props are deprecated. Use "boxShadow". @ http://localhost:8081/node_modules/.pnpm/expo-router@55.0.12_012c6fff60264ad2fec13d1935aed8c5/node_modules/expo-router/entry.bundle?platform=web&dev=true&hot=false&lazy=true&transform.engine=hermes&transform.routerRoot=app&unstable_transformProfile=hermes-stable:39957
[  698749ms] [WARNING] props.pointerEvents is deprecated. Use style.pointerEvents @ http://localhost:8081/node_modules/.pnpm/expo-router@55.0.12_012c6fff60264ad2fec13d1935aed8c5/node_modules/expo-router/entry.bundle?platform=web&dev=true&hot=false&lazy=true&transform.engine=hermes&transform.routerRoot=app&unstable_transformProfile=hermes-stable:39957
[  725430ms] [WARNING] Animated: `useNativeDriver` is not supported because the native animated module is missing. Falling back to JS-based animation. To resolve this, add `RCTAnimation` module to this app, or remove `useNativeDriver`. Make sure to run `bundle exec pod install` first. Read more about autolinking: https://github.com/react-native-community/cli/blob/master/docs/autolinking.md @ http://localhost:8081/node_modules/.pnpm/expo-router@55.0.12_012c6fff60264ad2fec13d1935aed8c5/node_modules/expo-router/entry.bundle?platform=web&dev=true&hot=false&lazy=true&transform.engine=hermes&transform.routerRoot=app&unstable_transformProfile=hermes-stable:54579
[  895181ms] [WARNING] Blocked aria-hidden on an element because its descendant retained focus. The focus must not be hidden from assistive technology users. Avoid using aria-hidden on a focused element or its ancestor. Consider using the inert attribute instead, which will also prevent focus. For more details, see the aria-hidden section of the WAI-ARIA specification at https://w3c.github.io/aria/#aria-hidden.
Element with focus: <div.css-view-g5y9jx r-transitionProperty-1i6wzkk r-userSelect-lrvibr r-cursor-1loqt21 r-touchAction-1otgn73>
Ancestor with aria-hidden: <div.css-view-g5y9jx r-flex-13awgt0> @ http://localhost:8081/sounds:0
[  904691ms] [WARNING] Blocked aria-hidden on an element because its descendant retained focus. The focus must not be hidden from assistive technology users. Avoid using aria-hidden on a focused element or its ancestor. Consider using the inert attribute instead, which will also prevent focus. For more details, see the aria-hidden section of the WAI-ARIA specification at https://w3c.github.io/aria/#aria-hidden.
Element with focus: <div.css-view-g5y9jx r-transitionProperty-1i6wzkk r-userSelect-lrvibr r-cursor-1loqt21 r-touchAction-1otgn73>
Ancestor with aria-hidden: <div.css-view-g5y9jx r-flex-13awgt0 r-bottom-1p0dtai r-left-1d2f490 r-position-u8s1d r-right-zchlnj r-top-ipm5af> @ http://localhost:8081/meals:0
