[    1349ms] [INFO] %cDownload the React DevTools for a better development experience: https://react.dev/link/react-devtools font-weight:bold @ http://localhost:11000/node_modules/.pnpm/expo-router@55.0.12_012c6fff60264ad2fec13d1935aed8c5/node_modules/expo-router/entry.bundle?platform=web&dev=true&hot=false&lazy=true&transform.engine=hermes&transform.routerRoot=app&unstable_transformProfile=hermes-stable:19329
[    1496ms] [LOG] Running application "main" with appParams:
 {rootTag: #root, hydrate: undefined} 
Development-level warnings: ON.
Performance optimizations: OFF. @ http://localhost:11000/node_modules/.pnpm/expo-router@55.0.12_012c6fff60264ad2fec13d1935aed8c5/node_modules/expo-router/entry.bundle?platform=web&dev=true&hot=false&lazy=true&transform.engine=hermes&transform.routerRoot=app&unstable_transformProfile=hermes-stable:59650
[    2042ms] [INFO] Slow network is detected. See https://www.chromestatus.com/feature/5636954674692096 for more details. Fallback font will be used while loading: http://localhost:11000/assets/?unstable_path=.%2Fassets%2Ffonts/Quicksand-Regular.ttf @ http://localhost:11000/node_modules/.pnpm/expo-router@55.0.12_012c6fff60264ad2fec13d1935aed8c5/node_modules/expo-router/entry.bundle?platform=web&dev=true&hot=false&lazy=true&transform.engine=hermes&transform.routerRoot=app&unstable_transformProfile=hermes-stable:215155
[    2046ms] [INFO] Slow network is detected. See https://www.chromestatus.com/feature/5636954674692096 for more details. Fallback font will be used while loading: http://localhost:11000/assets/?unstable_path=.%2Fassets%2Ffonts/Quicksand-Medium.ttf @ http://localhost:11000/node_modules/.pnpm/expo-router@55.0.12_012c6fff60264ad2fec13d1935aed8c5/node_modules/expo-router/entry.bundle?platform=web&dev=true&hot=false&lazy=true&transform.engine=hermes&transform.routerRoot=app&unstable_transformProfile=hermes-stable:215155
[    2049ms] [INFO] Slow network is detected. See https://www.chromestatus.com/feature/5636954674692096 for more details. Fallback font will be used while loading: http://localhost:11000/assets/?unstable_path=.%2Fassets%2Ffonts/Quicksand-SemiBold.ttf @ http://localhost:11000/node_modules/.pnpm/expo-router@55.0.12_012c6fff60264ad2fec13d1935aed8c5/node_modules/expo-router/entry.bundle?platform=web&dev=true&hot=false&lazy=true&transform.engine=hermes&transform.routerRoot=app&unstable_transformProfile=hermes-stable:215155
[    2055ms] [INFO] Slow network is detected. See https://www.chromestatus.com/feature/5636954674692096 for more details. Fallback font will be used while loading: http://localhost:11000/assets/?unstable_path=.%2Fassets%2Ffonts/Quicksand-Bold.ttf @ http://localhost:11000/node_modules/.pnpm/expo-router@55.0.12_012c6fff60264ad2fec13d1935aed8c5/node_modules/expo-router/entry.bundle?platform=web&dev=true&hot=false&lazy=true&transform.engine=hermes&transform.routerRoot=app&unstable_transformProfile=hermes-stable:215155
[    2129ms] [ERROR] Failed to load resource: the server responded with a status of 500 (Internal Server Error) @ http://localhost:11000/favicon.ico:0
[    2148ms] [WARNING] Failed to decode downloaded font: http://localhost:11000/assets/?unstable_path=.%2Fassets%2Ffonts/Quicksand-SemiBold.ttf @ http://localhost:11000/:0
[    2149ms] [WARNING] OTS parsing error: invalid sfntVersion: 218762506 @ http://localhost:11000/:0
[    2149ms] [WARNING] Failed to decode downloaded font: http://localhost:11000/assets/?unstable_path=.%2Fassets%2Ffonts/Quicksand-SemiBold.ttf @ http://localhost:11000/:0
[    2149ms] [WARNING] OTS parsing error: invalid sfntVersion: 218762506 @ http://localhost:11000/:0
[    2149ms] [WARNING] Failed to decode downloaded font: http://localhost:11000/assets/?unstable_path=.%2Fassets%2Ffonts/Quicksand-Medium.ttf @ http://localhost:11000/:0
[    2149ms] [WARNING] OTS parsing error: invalid sfntVersion: 218762506 @ http://localhost:11000/:0
[    2149ms] [WARNING] Failed to decode downloaded font: http://localhost:11000/assets/?unstable_path=.%2Fassets%2Ffonts/Quicksand-Medium.ttf @ http://localhost:11000/:0
[    2149ms] [WARNING] OTS parsing error: invalid sfntVersion: 218762506 @ http://localhost:11000/:0
[    2149ms] [WARNING] Failed to decode downloaded font: http://localhost:11000/assets/?unstable_path=.%2Fassets%2Ffonts/Quicksand-Medium.ttf @ http://localhost:11000/:0
[    2149ms] [WARNING] OTS parsing error: invalid sfntVersion: 218762506 @ http://localhost:11000/:0
[    2150ms] [WARNING] Failed to decode downloaded font: http://localhost:11000/assets/?unstable_path=.%2Fassets%2Ffonts/Quicksand-Regular.ttf @ http://localhost:11000/:0
[    2150ms] [WARNING] OTS parsing error: invalid sfntVersion: 218762506 @ http://localhost:11000/:0
[    2150ms] [WARNING] Failed to decode downloaded font: http://localhost:11000/assets/?unstable_path=.%2Fassets%2Ffonts/Quicksand-Regular.ttf @ http://localhost:11000/:0
[    2150ms] [WARNING] OTS parsing error: invalid sfntVersion: 218762506 @ http://localhost:11000/:0
[    2150ms] [WARNING] Failed to decode downloaded font: http://localhost:11000/assets/?unstable_path=.%2Fassets%2Ffonts/Quicksand-Regular.ttf @ http://localhost:11000/:0
[    2150ms] [WARNING] OTS parsing error: invalid sfntVersion: 218762506 @ http://localhost:11000/:0
[    2150ms] [WARNING] Failed to decode downloaded font: http://localhost:11000/assets/?unstable_path=.%2Fassets%2Ffonts/Quicksand-Regular.ttf @ http://localhost:11000/:0
[    2150ms] [WARNING] OTS parsing error: invalid sfntVersion: 218762506 @ http://localhost:11000/:0
[    2157ms] [WARNING] Failed to decode downloaded font: http://localhost:11000/assets/?unstable_path=.%2Fassets%2Ffonts/Quicksand-Bold.ttf @ http://localhost:11000/:0
[    2157ms] [WARNING] OTS parsing error: invalid sfntVersion: 218762506 @ http://localhost:11000/:0
[    3015ms] [WARNING] Failed to decode downloaded font: http://localhost:11000/assets/?unstable_path=.%2Fassets%2Ffonts/Quicksand-Regular.ttf @ http://localhost:11000/:0
[    3016ms] [WARNING] OTS parsing error: invalid sfntVersion: 218762506 @ http://localhost:11000/:0
[    3016ms] [WARNING] Failed to decode downloaded font: http://localhost:11000/assets/?unstable_path=.%2Fassets%2Ffonts/Quicksand-Medium.ttf @ http://localhost:11000/:0
[    3016ms] [WARNING] OTS parsing error: invalid sfntVersion: 218762506 @ http://localhost:11000/:0
[    3016ms] [WARNING] Failed to decode downloaded font: http://localhost:11000/assets/?unstable_path=.%2Fassets%2Ffonts/Quicksand-SemiBold.ttf @ http://localhost:11000/:0
[    3016ms] [WARNING] OTS parsing error: invalid sfntVersion: 218762506 @ http://localhost:11000/:0
[    3016ms] [WARNING] Failed to decode downloaded font: http://localhost:11000/assets/?unstable_path=.%2Fassets%2Ffonts/Quicksand-Bold.ttf @ http://localhost:11000/:0
[    3016ms] [WARNING] OTS parsing error: invalid sfntVersion: 218762506 @ http://localhost:11000/:0
[   14168ms] [WARNING] Failed to decode downloaded font: http://localhost:11000/assets/?unstable_path=.%2Fassets%2Ffonts/Quicksand-Regular.ttf @ http://localhost:11000/:0
[   14168ms] [WARNING] OTS parsing error: invalid sfntVersion: 218762506 @ http://localhost:11000/:0
[   14168ms] [WARNING] Failed to decode downloaded font: http://localhost:11000/assets/?unstable_path=.%2Fassets%2Ffonts/Quicksand-Medium.ttf @ http://localhost:11000/:0
[   14168ms] [WARNING] OTS parsing error: invalid sfntVersion: 218762506 @ http://localhost:11000/:0
[   14168ms] [WARNING] Failed to decode downloaded font: http://localhost:11000/assets/?unstable_path=.%2Fassets%2Ffonts/Quicksand-SemiBold.ttf @ http://localhost:11000/:0
[   14168ms] [WARNING] OTS parsing error: invalid sfntVersion: 218762506 @ http://localhost:11000/:0
[   14168ms] [WARNING] Failed to decode downloaded font: http://localhost:11000/assets/?unstable_path=.%2Fassets%2Ffonts/Quicksand-Bold.ttf @ http://localhost:11000/:0
[   14169ms] [WARNING] OTS parsing error: invalid sfntVersion: 218762506 @ http://localhost:11000/:0
[   14429ms] [WARNING] Failed to decode downloaded font: http://localhost:11000/assets/?unstable_path=.%2Fassets%2Ffonts/Quicksand-Regular.ttf @ http://localhost:11000/:0
[   14429ms] [WARNING] OTS parsing error: invalid sfntVersion: 218762506 @ http://localhost:11000/:0
[   14429ms] [WARNING] Failed to decode downloaded font: http://localhost:11000/assets/?unstable_path=.%2Fassets%2Ffonts/Quicksand-Medium.ttf @ http://localhost:11000/:0
[   14429ms] [WARNING] OTS parsing error: invalid sfntVersion: 218762506 @ http://localhost:11000/:0
[   14429ms] [WARNING] Failed to decode downloaded font: http://localhost:11000/assets/?unstable_path=.%2Fassets%2Ffonts/Quicksand-SemiBold.ttf @ http://localhost:11000/:0
[   14429ms] [WARNING] OTS parsing error: invalid sfntVersion: 218762506 @ http://localhost:11000/:0
[   14429ms] [WARNING] Failed to decode downloaded font: http://localhost:11000/assets/?unstable_path=.%2Fassets%2Ffonts/Quicksand-Bold.ttf @ http://localhost:11000/:0
[   14430ms] [WARNING] OTS parsing error: invalid sfntVersion: 218762506 @ http://localhost:11000/:0
[   61139ms] [WARNING] "shadow*" style props are deprecated. Use "boxShadow". @ http://localhost:11000/node_modules/.pnpm/expo-router@55.0.12_012c6fff60264ad2fec13d1935aed8c5/node_modules/expo-router/entry.bundle?platform=web&dev=true&hot=false&lazy=true&transform.engine=hermes&transform.routerRoot=app&unstable_transformProfile=hermes-stable:39933
[   61181ms] [WARNING] Animated: `useNativeDriver` is not supported because the native animated module is missing. Falling back to JS-based animation. To resolve this, add `RCTAnimation` module to this app, or remove `useNativeDriver`. Make sure to run `bundle exec pod install` first. Read more about autolinking: https://github.com/react-native-community/cli/blob/master/docs/autolinking.md @ http://localhost:11000/node_modules/.pnpm/expo-router@55.0.12_012c6fff60264ad2fec13d1935aed8c5/node_modules/expo-router/entry.bundle?platform=web&dev=true&hot=false&lazy=true&transform.engine=hermes&transform.routerRoot=app&unstable_transformProfile=hermes-stable:54555
[   61477ms] [WARNING] Failed to decode downloaded font: http://localhost:11000/assets/?unstable_path=.%2Fassets%2Ffonts/Quicksand-Regular.ttf @ http://localhost:11000/:0
[   61477ms] [WARNING] OTS parsing error: invalid sfntVersion: 218762506 @ http://localhost:11000/:0
[   61477ms] [WARNING] Failed to decode downloaded font: http://localhost:11000/assets/?unstable_path=.%2Fassets%2Ffonts/Quicksand-Medium.ttf @ http://localhost:11000/:0
[   61477ms] [WARNING] OTS parsing error: invalid sfntVersion: 218762506 @ http://localhost:11000/:0
[   61477ms] [WARNING] Failed to decode downloaded font: http://localhost:11000/assets/?unstable_path=.%2Fassets%2Ffonts/Quicksand-SemiBold.ttf @ http://localhost:11000/:0
[   61477ms] [WARNING] OTS parsing error: invalid sfntVersion: 218762506 @ http://localhost:11000/:0
[   61477ms] [WARNING] Failed to decode downloaded font: http://localhost:11000/assets/?unstable_path=.%2Fassets%2Ffonts/Quicksand-Bold.ttf @ http://localhost:11000/:0
[   61477ms] [WARNING] OTS parsing error: invalid sfntVersion: 218762506 @ http://localhost:11000/:0
[   61743ms] [WARNING] Failed to decode downloaded font: http://localhost:11000/assets/?unstable_path=.%2Fassets%2Ffonts/Quicksand-Regular.ttf @ http://localhost:11000/:0
[   61743ms] [WARNING] OTS parsing error: invalid sfntVersion: 218762506 @ http://localhost:11000/:0
[   61743ms] [WARNING] Failed to decode downloaded font: http://localhost:11000/assets/?unstable_path=.%2Fassets%2Ffonts/Quicksand-Medium.ttf @ http://localhost:11000/:0
[   61744ms] [WARNING] OTS parsing error: invalid sfntVersion: 218762506 @ http://localhost:11000/:0
[   61744ms] [WARNING] Failed to decode downloaded font: http://localhost:11000/assets/?unstable_path=.%2Fassets%2Ffonts/Quicksand-SemiBold.ttf @ http://localhost:11000/:0
[   61744ms] [WARNING] OTS parsing error: invalid sfntVersion: 218762506 @ http://localhost:11000/:0
[   61744ms] [WARNING] Failed to decode downloaded font: http://localhost:11000/assets/?unstable_path=.%2Fassets%2Ffonts/Quicksand-Bold.ttf @ http://localhost:11000/:0
[   61744ms] [WARNING] OTS parsing error: invalid sfntVersion: 218762506 @ http://localhost:11000/:0
[   62410ms] [WARNING] Failed to decode downloaded font: http://localhost:11000/assets/?unstable_path=.%2Fassets%2Ffonts/Quicksand-Regular.ttf @ http://localhost:11000/:0
[   62410ms] [WARNING] OTS parsing error: invalid sfntVersion: 218762506 @ http://localhost:11000/:0
[   62410ms] [WARNING] Failed to decode downloaded font: http://localhost:11000/assets/?unstable_path=.%2Fassets%2Ffonts/Quicksand-Medium.ttf @ http://localhost:11000/:0
[   62410ms] [WARNING] OTS parsing error: invalid sfntVersion: 218762506 @ http://localhost:11000/:0
[   62410ms] [WARNING] Failed to decode downloaded font: http://localhost:11000/assets/?unstable_path=.%2Fassets%2Ffonts/Quicksand-SemiBold.ttf @ http://localhost:11000/:0
[   62410ms] [WARNING] OTS parsing error: invalid sfntVersion: 218762506 @ http://localhost:11000/:0
[   62410ms] [WARNING] Failed to decode downloaded font: http://localhost:11000/assets/?unstable_path=.%2Fassets%2Ffonts/Quicksand-Bold.ttf @ http://localhost:11000/:0
[   62410ms] [WARNING] OTS parsing error: invalid sfntVersion: 218762506 @ http://localhost:11000/:0
[   63225ms] [WARNING] Failed to decode downloaded font: http://localhost:11000/assets/?unstable_path=.%2Fassets%2Ffonts/Quicksand-Regular.ttf @ http://localhost:11000/:0
[   63225ms] [WARNING] OTS parsing error: invalid sfntVersion: 218762506 @ http://localhost:11000/:0
[   63225ms] [WARNING] Failed to decode downloaded font: http://localhost:11000/assets/?unstable_path=.%2Fassets%2Ffonts/Quicksand-Medium.ttf @ http://localhost:11000/:0
[   63225ms] [WARNING] OTS parsing error: invalid sfntVersion: 218762506 @ http://localhost:11000/:0
[   63226ms] [WARNING] Failed to decode downloaded font: http://localhost:11000/assets/?unstable_path=.%2Fassets%2Ffonts/Quicksand-SemiBold.ttf @ http://localhost:11000/:0
[   63226ms] [WARNING] OTS parsing error: invalid sfntVersion: 218762506 @ http://localhost:11000/:0
[   63226ms] [WARNING] Failed to decode downloaded font: http://localhost:11000/assets/?unstable_path=.%2Fassets%2Ffonts/Quicksand-Bold.ttf @ http://localhost:11000/:0
[   63226ms] [WARNING] OTS parsing error: invalid sfntVersion: 218762506 @ http://localhost:11000/:0
[   63569ms] [VERBOSE] [DOM] Password field is not contained in a form: (More info: https://goo.gl/9p2vKq) @ http://localhost:11000/sign-in:0
[   63676ms] [ERROR] Failed to load resource: the server responded with a status of 500 (Internal Server Error) @ http://localhost:11000/favicon.ico:0
[   64110ms] [WARNING] Failed to decode downloaded font: http://localhost:11000/assets/?unstable_path=.%2Fassets%2Ffonts/Quicksand-Regular.ttf @ http://localhost:11000/sign-in:0
[   64110ms] [WARNING] OTS parsing error: invalid sfntVersion: 218762506 @ http://localhost:11000/sign-in:0
[   64110ms] [WARNING] Failed to decode downloaded font: http://localhost:11000/assets/?unstable_path=.%2Fassets%2Ffonts/Quicksand-Medium.ttf @ http://localhost:11000/sign-in:0
[   64110ms] [WARNING] OTS parsing error: invalid sfntVersion: 218762506 @ http://localhost:11000/sign-in:0
[   64110ms] [WARNING] Failed to decode downloaded font: http://localhost:11000/assets/?unstable_path=.%2Fassets%2Ffonts/Quicksand-SemiBold.ttf @ http://localhost:11000/sign-in:0
[   64110ms] [WARNING] OTS parsing error: invalid sfntVersion: 218762506 @ http://localhost:11000/sign-in:0
[   64110ms] [WARNING] Failed to decode downloaded font: http://localhost:11000/assets/?unstable_path=.%2Fassets%2Ffonts/Quicksand-Bold.ttf @ http://localhost:11000/sign-in:0
[   64110ms] [WARNING] OTS parsing error: invalid sfntVersion: 218762506 @ http://localhost:11000/sign-in:0
[   64779ms] [WARNING] Failed to decode downloaded font: http://localhost:11000/assets/?unstable_path=.%2Fassets%2Ffonts/Quicksand-Regular.ttf @ http://localhost:11000/sign-in:0
[   64779ms] [WARNING] OTS parsing error: invalid sfntVersion: 218762506 @ http://localhost:11000/sign-in:0
[   64779ms] [WARNING] Failed to decode downloaded font: http://localhost:11000/assets/?unstable_path=.%2Fassets%2Ffonts/Quicksand-Medium.ttf @ http://localhost:11000/sign-in:0
[   64779ms] [WARNING] OTS parsing error: invalid sfntVersion: 218762506 @ http://localhost:11000/sign-in:0
[   64779ms] [WARNING] Failed to decode downloaded font: http://localhost:11000/assets/?unstable_path=.%2Fassets%2Ffonts/Quicksand-SemiBold.ttf @ http://localhost:11000/sign-in:0
[   64779ms] [WARNING] OTS parsing error: invalid sfntVersion: 218762506 @ http://localhost:11000/sign-in:0
[   64779ms] [WARNING] Failed to decode downloaded font: http://localhost:11000/assets/?unstable_path=.%2Fassets%2Ffonts/Quicksand-Bold.ttf @ http://localhost:11000/sign-in:0
[   64780ms] [WARNING] OTS parsing error: invalid sfntVersion: 218762506 @ http://localhost:11000/sign-in:0
[   65322ms] [WARNING] Failed to decode downloaded font: http://localhost:11000/assets/?unstable_path=.%2Fassets%2Ffonts/Quicksand-Regular.ttf @ http://localhost:11000/sign-in:0
[   65323ms] [WARNING] OTS parsing error: invalid sfntVersion: 218762506 @ http://localhost:11000/sign-in:0
[   65323ms] [WARNING] Failed to decode downloaded font: http://localhost:11000/assets/?unstable_path=.%2Fassets%2Ffonts/Quicksand-Medium.ttf @ http://localhost:11000/sign-in:0
[   65323ms] [WARNING] OTS parsing error: invalid sfntVersion: 218762506 @ http://localhost:11000/sign-in:0
[   65323ms] [WARNING] Failed to decode downloaded font: http://localhost:11000/assets/?unstable_path=.%2Fassets%2Ffonts/Quicksand-SemiBold.ttf @ http://localhost:11000/sign-in:0
[   65323ms] [WARNING] OTS parsing error: invalid sfntVersion: 218762506 @ http://localhost:11000/sign-in:0
[   65323ms] [WARNING] Failed to decode downloaded font: http://localhost:11000/assets/?unstable_path=.%2Fassets%2Ffonts/Quicksand-Bold.ttf @ http://localhost:11000/sign-in:0
[   65323ms] [WARNING] OTS parsing error: invalid sfntVersion: 218762506 @ http://localhost:11000/sign-in:0
[   65587ms] [WARNING] Failed to decode downloaded font: http://localhost:11000/assets/?unstable_path=.%2Fassets%2Ffonts/Quicksand-Regular.ttf @ http://localhost:11000/sign-in:0
[   65587ms] [WARNING] OTS parsing error: invalid sfntVersion: 218762506 @ http://localhost:11000/sign-in:0
[   65587ms] [WARNING] Failed to decode downloaded font: http://localhost:11000/assets/?unstable_path=.%2Fassets%2Ffonts/Quicksand-Medium.ttf @ http://localhost:11000/sign-in:0
[   65587ms] [WARNING] OTS parsing error: invalid sfntVersion: 218762506 @ http://localhost:11000/sign-in:0
[   65588ms] [WARNING] Failed to decode downloaded font: http://localhost:11000/assets/?unstable_path=.%2Fassets%2Ffonts/Quicksand-SemiBold.ttf @ http://localhost:11000/sign-in:0
[   65588ms] [WARNING] OTS parsing error: invalid sfntVersion: 218762506 @ http://localhost:11000/sign-in:0
[   65588ms] [WARNING] Failed to decode downloaded font: http://localhost:11000/assets/?unstable_path=.%2Fassets%2Ffonts/Quicksand-Bold.ttf @ http://localhost:11000/sign-in:0
[   65588ms] [WARNING] OTS parsing error: invalid sfntVersion: 218762506 @ http://localhost:11000/sign-in:0
[   67636ms] [WARNING] Failed to decode downloaded font: http://localhost:11000/assets/?unstable_path=.%2Fassets%2Ffonts/Quicksand-Regular.ttf @ http://localhost:11000/sign-in:0
[   67636ms] [WARNING] OTS parsing error: invalid sfntVersion: 218762506 @ http://localhost:11000/sign-in:0
[   67636ms] [WARNING] Failed to decode downloaded font: http://localhost:11000/assets/?unstable_path=.%2Fassets%2Ffonts/Quicksand-Medium.ttf @ http://localhost:11000/sign-in:0
[   67636ms] [WARNING] OTS parsing error: invalid sfntVersion: 218762506 @ http://localhost:11000/sign-in:0
[   67636ms] [WARNING] Failed to decode downloaded font: http://localhost:11000/assets/?unstable_path=.%2Fassets%2Ffonts/Quicksand-SemiBold.ttf @ http://localhost:11000/sign-in:0
[   67636ms] [WARNING] OTS parsing error: invalid sfntVersion: 218762506 @ http://localhost:11000/sign-in:0
[   67636ms] [WARNING] Failed to decode downloaded font: http://localhost:11000/assets/?unstable_path=.%2Fassets%2Ffonts/Quicksand-Bold.ttf @ http://localhost:11000/sign-in:0
[   67637ms] [WARNING] OTS parsing error: invalid sfntVersion: 218762506 @ http://localhost:11000/sign-in:0
[   67898ms] [WARNING] Failed to decode downloaded font: http://localhost:11000/assets/?unstable_path=.%2Fassets%2Ffonts/Quicksand-Regular.ttf @ http://localhost:11000/sign-in:0
[   67898ms] [WARNING] OTS parsing error: invalid sfntVersion: 218762506 @ http://localhost:11000/sign-in:0
[   67898ms] [WARNING] Failed to decode downloaded font: http://localhost:11000/assets/?unstable_path=.%2Fassets%2Ffonts/Quicksand-Medium.ttf @ http://localhost:11000/sign-in:0
[   67898ms] [WARNING] OTS parsing error: invalid sfntVersion: 218762506 @ http://localhost:11000/sign-in:0
[   67899ms] [WARNING] Failed to decode downloaded font: http://localhost:11000/assets/?unstable_path=.%2Fassets%2Ffonts/Quicksand-SemiBold.ttf @ http://localhost:11000/sign-in:0
[   67899ms] [WARNING] OTS parsing error: invalid sfntVersion: 218762506 @ http://localhost:11000/sign-in:0
[   67899ms] [WARNING] Failed to decode downloaded font: http://localhost:11000/assets/?unstable_path=.%2Fassets%2Ffonts/Quicksand-Bold.ttf @ http://localhost:11000/sign-in:0
[   67899ms] [WARNING] OTS parsing error: invalid sfntVersion: 218762506 @ http://localhost:11000/sign-in:0
[   68428ms] [WARNING] Failed to decode downloaded font: http://localhost:11000/assets/?unstable_path=.%2Fassets%2Ffonts/Quicksand-Regular.ttf @ http://localhost:11000/sign-in:0
[   68428ms] [WARNING] OTS parsing error: invalid sfntVersion: 218762506 @ http://localhost:11000/sign-in:0
[   68428ms] [WARNING] Failed to decode downloaded font: http://localhost:11000/assets/?unstable_path=.%2Fassets%2Ffonts/Quicksand-Medium.ttf @ http://localhost:11000/sign-in:0
[   68428ms] [WARNING] OTS parsing error: invalid sfntVersion: 218762506 @ http://localhost:11000/sign-in:0
[   68428ms] [WARNING] Failed to decode downloaded font: http://localhost:11000/assets/?unstable_path=.%2Fassets%2Ffonts/Quicksand-SemiBold.ttf @ http://localhost:11000/sign-in:0
[   68429ms] [WARNING] OTS parsing error: invalid sfntVersion: 218762506 @ http://localhost:11000/sign-in:0
[   68429ms] [WARNING] Failed to decode downloaded font: http://localhost:11000/assets/?unstable_path=.%2Fassets%2Ffonts/Quicksand-Bold.ttf @ http://localhost:11000/sign-in:0
[   68429ms] [WARNING] OTS parsing error: invalid sfntVersion: 218762506 @ http://localhost:11000/sign-in:0
[   69233ms] [WARNING] Failed to decode downloaded font: http://localhost:11000/assets/?unstable_path=.%2Fassets%2Ffonts/Quicksand-Regular.ttf @ http://localhost:11000/sign-in:0
[   69233ms] [WARNING] OTS parsing error: invalid sfntVersion: 218762506 @ http://localhost:11000/sign-in:0
[   69233ms] [WARNING] Failed to decode downloaded font: http://localhost:11000/assets/?unstable_path=.%2Fassets%2Ffonts/Quicksand-Medium.ttf @ http://localhost:11000/sign-in:0
[   69233ms] [WARNING] OTS parsing error: invalid sfntVersion: 218762506 @ http://localhost:11000/sign-in:0
[   69233ms] [WARNING] Failed to decode downloaded font: http://localhost:11000/assets/?unstable_path=.%2Fassets%2Ffonts/Quicksand-SemiBold.ttf @ http://localhost:11000/sign-in:0
[   69233ms] [WARNING] OTS parsing error: invalid sfntVersion: 218762506 @ http://localhost:11000/sign-in:0
[   69233ms] [WARNING] Failed to decode downloaded font: http://localhost:11000/assets/?unstable_path=.%2Fassets%2Ffonts/Quicksand-Bold.ttf @ http://localhost:11000/sign-in:0
[   69233ms] [WARNING] OTS parsing error: invalid sfntVersion: 218762506 @ http://localhost:11000/sign-in:0
[   70064ms] [WARNING] Failed to decode downloaded font: http://localhost:11000/assets/?unstable_path=.%2Fassets%2Ffonts/Quicksand-Regular.ttf @ http://localhost:11000/sign-in:0
[   70065ms] [WARNING] OTS parsing error: invalid sfntVersion: 218762506 @ http://localhost:11000/sign-in:0
[   70065ms] [WARNING] Failed to decode downloaded font: http://localhost:11000/assets/?unstable_path=.%2Fassets%2Ffonts/Quicksand-Medium.ttf @ http://localhost:11000/sign-in:0
[   70065ms] [WARNING] OTS parsing error: invalid sfntVersion: 218762506 @ http://localhost:11000/sign-in:0
[   70065ms] [WARNING] Failed to decode downloaded font: http://localhost:11000/assets/?unstable_path=.%2Fassets%2Ffonts/Quicksand-SemiBold.ttf @ http://localhost:11000/sign-in:0
[   70065ms] [WARNING] OTS parsing error: invalid sfntVersion: 218762506 @ http://localhost:11000/sign-in:0
[   70065ms] [WARNING] Failed to decode downloaded font: http://localhost:11000/assets/?unstable_path=.%2Fassets%2Ffonts/Quicksand-Bold.ttf @ http://localhost:11000/sign-in:0
[   70065ms] [WARNING] OTS parsing error: invalid sfntVersion: 218762506 @ http://localhost:11000/sign-in:0
[   72219ms] [WARNING] Failed to decode downloaded font: http://localhost:11000/assets/?unstable_path=.%2Fassets%2Ffonts/Quicksand-Regular.ttf @ http://localhost:11000/sign-in:0
[   72220ms] [WARNING] OTS parsing error: invalid sfntVersion: 218762506 @ http://localhost:11000/sign-in:0
[   72220ms] [WARNING] Failed to decode downloaded font: http://localhost:11000/assets/?unstable_path=.%2Fassets%2Ffonts/Quicksand-Medium.ttf @ http://localhost:11000/sign-in:0
[   72220ms] [WARNING] OTS parsing error: invalid sfntVersion: 218762506 @ http://localhost:11000/sign-in:0
[   72220ms] [WARNING] Failed to decode downloaded font: http://localhost:11000/assets/?unstable_path=.%2Fassets%2Ffonts/Quicksand-SemiBold.ttf @ http://localhost:11000/sign-in:0
[   72220ms] [WARNING] OTS parsing error: invalid sfntVersion: 218762506 @ http://localhost:11000/sign-in:0
[   72220ms] [WARNING] Failed to decode downloaded font: http://localhost:11000/assets/?unstable_path=.%2Fassets%2Ffonts/Quicksand-Bold.ttf @ http://localhost:11000/sign-in:0
[   72220ms] [WARNING] OTS parsing error: invalid sfntVersion: 218762506 @ http://localhost:11000/sign-in:0
[   72627ms] [WARNING] Failed to decode downloaded font: http://localhost:11000/assets/?unstable_path=.%2Fassets%2Ffonts/Quicksand-Regular.ttf @ http://localhost:11000/sign-in:0
[   72627ms] [WARNING] OTS parsing error: invalid sfntVersion: 218762506 @ http://localhost:11000/sign-in:0
[   72627ms] [WARNING] Failed to decode downloaded font: http://localhost:11000/assets/?unstable_path=.%2Fassets%2Ffonts/Quicksand-Medium.ttf @ http://localhost:11000/sign-in:0
[   72628ms] [WARNING] OTS parsing error: invalid sfntVersion: 218762506 @ http://localhost:11000/sign-in:0
[   72628ms] [WARNING] Failed to decode downloaded font: http://localhost:11000/assets/?unstable_path=.%2Fassets%2Ffonts/Quicksand-SemiBold.ttf @ http://localhost:11000/sign-in:0
[   72628ms] [WARNING] OTS parsing error: invalid sfntVersion: 218762506 @ http://localhost:11000/sign-in:0
[   72629ms] [WARNING] Failed to decode downloaded font: http://localhost:11000/assets/?unstable_path=.%2Fassets%2Ffonts/Quicksand-Bold.ttf @ http://localhost:11000/sign-in:0
[   72629ms] [WARNING] OTS parsing error: invalid sfntVersion: 218762506 @ http://localhost:11000/sign-in:0
[   72887ms] [WARNING] Failed to decode downloaded font: http://localhost:11000/assets/?unstable_path=.%2Fassets%2Ffonts/Quicksand-Regular.ttf @ http://localhost:11000/sign-in:0
[   72887ms] [WARNING] OTS parsing error: invalid sfntVersion: 218762506 @ http://localhost:11000/sign-in:0
[   72887ms] [WARNING] Failed to decode downloaded font: http://localhost:11000/assets/?unstable_path=.%2Fassets%2Ffonts/Quicksand-Medium.ttf @ http://localhost:11000/sign-in:0
[   72887ms] [WARNING] OTS parsing error: invalid sfntVersion: 218762506 @ http://localhost:11000/sign-in:0
[   72888ms] [WARNING] Failed to decode downloaded font: http://localhost:11000/assets/?unstable_path=.%2Fassets%2Ffonts/Quicksand-SemiBold.ttf @ http://localhost:11000/sign-in:0
[   72888ms] [WARNING] OTS parsing error: invalid sfntVersion: 218762506 @ http://localhost:11000/sign-in:0
[   72888ms] [WARNING] Failed to decode downloaded font: http://localhost:11000/assets/?unstable_path=.%2Fassets%2Ffonts/Quicksand-Bold.ttf @ http://localhost:11000/sign-in:0
[   72888ms] [WARNING] OTS parsing error: invalid sfntVersion: 218762506 @ http://localhost:11000/sign-in:0
[   73357ms] [WARNING] Failed to decode downloaded font: http://localhost:11000/assets/?unstable_path=.%2Fassets%2Ffonts/Quicksand-Regular.ttf @ http://localhost:11000/sign-in:0
[   73357ms] [WARNING] OTS parsing error: invalid sfntVersion: 218762506 @ http://localhost:11000/sign-in:0
[   73357ms] [WARNING] Failed to decode downloaded font: http://localhost:11000/assets/?unstable_path=.%2Fassets%2Ffonts/Quicksand-Medium.ttf @ http://localhost:11000/sign-in:0
[   73357ms] [WARNING] OTS parsing error: invalid sfntVersion: 218762506 @ http://localhost:11000/sign-in:0
[   73358ms] [WARNING] Failed to decode downloaded font: http://localhost:11000/assets/?unstable_path=.%2Fassets%2Ffonts/Quicksand-SemiBold.ttf @ http://localhost:11000/sign-in:0
[   73358ms] [WARNING] OTS parsing error: invalid sfntVersion: 218762506 @ http://localhost:11000/sign-in:0
[   73358ms] [WARNING] Failed to decode downloaded font: http://localhost:11000/assets/?unstable_path=.%2Fassets%2Ffonts/Quicksand-Bold.ttf @ http://localhost:11000/sign-in:0
[   73358ms] [WARNING] OTS parsing error: invalid sfntVersion: 218762506 @ http://localhost:11000/sign-in:0
[   74590ms] [WARNING] Failed to decode downloaded font: http://localhost:11000/assets/?unstable_path=.%2Fassets%2Ffonts/Quicksand-Regular.ttf @ http://localhost:11000/sign-in:0
[   74590ms] [WARNING] OTS parsing error: invalid sfntVersion: 218762506 @ http://localhost:11000/sign-in:0
[   74591ms] [WARNING] Failed to decode downloaded font: http://localhost:11000/assets/?unstable_path=.%2Fassets%2Ffonts/Quicksand-Medium.ttf @ http://localhost:11000/sign-in:0
[   74591ms] [WARNING] OTS parsing error: invalid sfntVersion: 218762506 @ http://localhost:11000/sign-in:0
[   74591ms] [WARNING] Failed to decode downloaded font: http://localhost:11000/assets/?unstable_path=.%2Fassets%2Ffonts/Quicksand-SemiBold.ttf @ http://localhost:11000/sign-in:0
[   74591ms] [WARNING] OTS parsing error: invalid sfntVersion: 218762506 @ http://localhost:11000/sign-in:0
[   74591ms] [WARNING] Failed to decode downloaded font: http://localhost:11000/assets/?unstable_path=.%2Fassets%2Ffonts/Quicksand-Bold.ttf @ http://localhost:11000/sign-in:0
[   74591ms] [WARNING] OTS parsing error: invalid sfntVersion: 218762506 @ http://localhost:11000/sign-in:0
[   75396ms] [WARNING] Failed to decode downloaded font: http://localhost:11000/assets/?unstable_path=.%2Fassets%2Ffonts/Quicksand-Regular.ttf @ http://localhost:11000/sign-in:0
[   75396ms] [WARNING] OTS parsing error: invalid sfntVersion: 218762506 @ http://localhost:11000/sign-in:0
[   75396ms] [WARNING] Failed to decode downloaded font: http://localhost:11000/assets/?unstable_path=.%2Fassets%2Ffonts/Quicksand-Medium.ttf @ http://localhost:11000/sign-in:0
[   75396ms] [WARNING] OTS parsing error: invalid sfntVersion: 218762506 @ http://localhost:11000/sign-in:0
[   75396ms] [WARNING] Failed to decode downloaded font: http://localhost:11000/assets/?unstable_path=.%2Fassets%2Ffonts/Quicksand-SemiBold.ttf @ http://localhost:11000/sign-in:0
[   75397ms] [WARNING] OTS parsing error: invalid sfntVersion: 218762506 @ http://localhost:11000/sign-in:0
[   75397ms] [WARNING] Failed to decode downloaded font: http://localhost:11000/assets/?unstable_path=.%2Fassets%2Ffonts/Quicksand-Bold.ttf @ http://localhost:11000/sign-in:0
[   75397ms] [WARNING] OTS parsing error: invalid sfntVersion: 218762506 @ http://localhost:11000/sign-in:0
[   76745ms] [WARNING] Failed to decode downloaded font: http://localhost:11000/assets/?unstable_path=.%2Fassets%2Ffonts/Quicksand-Regular.ttf @ http://localhost:11000/sign-in:0
[   76745ms] [WARNING] OTS parsing error: invalid sfntVersion: 218762506 @ http://localhost:11000/sign-in:0
[   76745ms] [WARNING] Failed to decode downloaded font: http://localhost:11000/assets/?unstable_path=.%2Fassets%2Ffonts/Quicksand-Medium.ttf @ http://localhost:11000/sign-in:0
[   76745ms] [WARNING] OTS parsing error: invalid sfntVersion: 218762506 @ http://localhost:11000/sign-in:0
[   76746ms] [WARNING] Failed to decode downloaded font: http://localhost:11000/assets/?unstable_path=.%2Fassets%2Ffonts/Quicksand-SemiBold.ttf @ http://localhost:11000/sign-in:0
[   76746ms] [WARNING] OTS parsing error: invalid sfntVersion: 218762506 @ http://localhost:11000/sign-in:0
[   76746ms] [WARNING] Failed to decode downloaded font: http://localhost:11000/assets/?unstable_path=.%2Fassets%2Ffonts/Quicksand-Bold.ttf @ http://localhost:11000/sign-in:0
[   76746ms] [WARNING] OTS parsing error: invalid sfntVersion: 218762506 @ http://localhost:11000/sign-in:0
[   99515ms] [WARNING] Failed to decode downloaded font: http://localhost:11000/assets/?unstable_path=.%2Fassets%2Ffonts/Quicksand-Regular.ttf @ http://localhost:11000/sign-in:0
[   99515ms] [WARNING] OTS parsing error: invalid sfntVersion: 218762506 @ http://localhost:11000/sign-in:0
[   99516ms] [WARNING] Failed to decode downloaded font: http://localhost:11000/assets/?unstable_path=.%2Fassets%2Ffonts/Quicksand-Medium.ttf @ http://localhost:11000/sign-in:0
[   99516ms] [WARNING] OTS parsing error: invalid sfntVersion: 218762506 @ http://localhost:11000/sign-in:0
[   99516ms] [WARNING] Failed to decode downloaded font: http://localhost:11000/assets/?unstable_path=.%2Fassets%2Ffonts/Quicksand-SemiBold.ttf @ http://localhost:11000/sign-in:0
[   99516ms] [WARNING] OTS parsing error: invalid sfntVersion: 218762506 @ http://localhost:11000/sign-in:0
[   99516ms] [WARNING] Failed to decode downloaded font: http://localhost:11000/assets/?unstable_path=.%2Fassets%2Ffonts/Quicksand-Bold.ttf @ http://localhost:11000/sign-in:0
[   99516ms] [WARNING] OTS parsing error: invalid sfntVersion: 218762506 @ http://localhost:11000/sign-in:0
[   99779ms] [WARNING] Failed to decode downloaded font: http://localhost:11000/assets/?unstable_path=.%2Fassets%2Ffonts/Quicksand-Regular.ttf @ http://localhost:11000/sign-in:0
[   99779ms] [WARNING] OTS parsing error: invalid sfntVersion: 218762506 @ http://localhost:11000/sign-in:0
[   99779ms] [WARNING] Failed to decode downloaded font: http://localhost:11000/assets/?unstable_path=.%2Fassets%2Ffonts/Quicksand-Medium.ttf @ http://localhost:11000/sign-in:0
[   99779ms] [WARNING] OTS parsing error: invalid sfntVersion: 218762506 @ http://localhost:11000/sign-in:0
[   99779ms] [WARNING] Failed to decode downloaded font: http://localhost:11000/assets/?unstable_path=.%2Fassets%2Ffonts/Quicksand-SemiBold.ttf @ http://localhost:11000/sign-in:0
[   99779ms] [WARNING] OTS parsing error: invalid sfntVersion: 218762506 @ http://localhost:11000/sign-in:0
[   99779ms] [WARNING] Failed to decode downloaded font: http://localhost:11000/assets/?unstable_path=.%2Fassets%2Ffonts/Quicksand-Bold.ttf @ http://localhost:11000/sign-in:0
[   99779ms] [WARNING] OTS parsing error: invalid sfntVersion: 218762506 @ http://localhost:11000/sign-in:0
[  100509ms] [WARNING] Failed to decode downloaded font: http://localhost:11000/assets/?unstable_path=.%2Fassets%2Ffonts/Quicksand-Regular.ttf @ http://localhost:11000/sign-in:0
[  100509ms] [WARNING] OTS parsing error: invalid sfntVersion: 218762506 @ http://localhost:11000/sign-in:0
[  100509ms] [WARNING] Failed to decode downloaded font: http://localhost:11000/assets/?unstable_path=.%2Fassets%2Ffonts/Quicksand-Medium.ttf @ http://localhost:11000/sign-in:0
[  100510ms] [WARNING] OTS parsing error: invalid sfntVersion: 218762506 @ http://localhost:11000/sign-in:0
[  100510ms] [WARNING] Failed to decode downloaded font: http://localhost:11000/assets/?unstable_path=.%2Fassets%2Ffonts/Quicksand-SemiBold.ttf @ http://localhost:11000/sign-in:0
[  100510ms] [WARNING] OTS parsing error: invalid sfntVersion: 218762506 @ http://localhost:11000/sign-in:0
[  100510ms] [WARNING] Failed to decode downloaded font: http://localhost:11000/assets/?unstable_path=.%2Fassets%2Ffonts/Quicksand-Bold.ttf @ http://localhost:11000/sign-in:0
[  100510ms] [WARNING] OTS parsing error: invalid sfntVersion: 218762506 @ http://localhost:11000/sign-in:0
[  100772ms] [WARNING] Failed to decode downloaded font: http://localhost:11000/assets/?unstable_path=.%2Fassets%2Ffonts/Quicksand-Regular.ttf @ http://localhost:11000/sign-in:0
[  100773ms] [WARNING] OTS parsing error: invalid sfntVersion: 218762506 @ http://localhost:11000/sign-in:0
[  100773ms] [WARNING] Failed to decode downloaded font: http://localhost:11000/assets/?unstable_path=.%2Fassets%2Ffonts/Quicksand-Medium.ttf @ http://localhost:11000/sign-in:0
[  100773ms] [WARNING] OTS parsing error: invalid sfntVersion: 218762506 @ http://localhost:11000/sign-in:0
[  100773ms] [WARNING] Failed to decode downloaded font: http://localhost:11000/assets/?unstable_path=.%2Fassets%2Ffonts/Quicksand-SemiBold.ttf @ http://localhost:11000/sign-in:0
[  100773ms] [WARNING] OTS parsing error: invalid sfntVersion: 218762506 @ http://localhost:11000/sign-in:0
[  100773ms] [WARNING] Failed to decode downloaded font: http://localhost:11000/assets/?unstable_path=.%2Fassets%2Ffonts/Quicksand-Bold.ttf @ http://localhost:11000/sign-in:0
[  100773ms] [WARNING] OTS parsing error: invalid sfntVersion: 218762506 @ http://localhost:11000/sign-in:0
[  101548ms] [WARNING] Failed to decode downloaded font: http://localhost:11000/assets/?unstable_path=.%2Fassets%2Ffonts/Quicksand-Regular.ttf @ http://localhost:11000/sign-in:0
[  101548ms] [WARNING] OTS parsing error: invalid sfntVersion: 218762506 @ http://localhost:11000/sign-in:0
[  101548ms] [WARNING] Failed to decode downloaded font: http://localhost:11000/assets/?unstable_path=.%2Fassets%2Ffonts/Quicksand-Medium.ttf @ http://localhost:11000/sign-in:0
[  101548ms] [WARNING] OTS parsing error: invalid sfntVersion: 218762506 @ http://localhost:11000/sign-in:0
[  101548ms] [WARNING] Failed to decode downloaded font: http://localhost:11000/assets/?unstable_path=.%2Fassets%2Ffonts/Quicksand-SemiBold.ttf @ http://localhost:11000/sign-in:0
[  101548ms] [WARNING] OTS parsing error: invalid sfntVersion: 218762506 @ http://localhost:11000/sign-in:0
[  101548ms] [WARNING] Failed to decode downloaded font: http://localhost:11000/assets/?unstable_path=.%2Fassets%2Ffonts/Quicksand-Bold.ttf @ http://localhost:11000/sign-in:0
[  101548ms] [WARNING] OTS parsing error: invalid sfntVersion: 218762506 @ http://localhost:11000/sign-in:0
[  102350ms] [WARNING] Failed to decode downloaded font: http://localhost:11000/assets/?unstable_path=.%2Fassets%2Ffonts/Quicksand-Regular.ttf @ http://localhost:11000/sign-in:0
[  102350ms] [WARNING] OTS parsing error: invalid sfntVersion: 218762506 @ http://localhost:11000/sign-in:0
[  102350ms] [WARNING] Failed to decode downloaded font: http://localhost:11000/assets/?unstable_path=.%2Fassets%2Ffonts/Quicksand-Medium.ttf @ http://localhost:11000/sign-in:0
[  102350ms] [WARNING] OTS parsing error: invalid sfntVersion: 218762506 @ http://localhost:11000/sign-in:0
[  102350ms] [WARNING] Failed to decode downloaded font: http://localhost:11000/assets/?unstable_path=.%2Fassets%2Ffonts/Quicksand-SemiBold.ttf @ http://localhost:11000/sign-in:0
[  102351ms] [WARNING] OTS parsing error: invalid sfntVersion: 218762506 @ http://localhost:11000/sign-in:0
[  102351ms] [WARNING] Failed to decode downloaded font: http://localhost:11000/assets/?unstable_path=.%2Fassets%2Ffonts/Quicksand-Bold.ttf @ http://localhost:11000/sign-in:0
[  102351ms] [WARNING] OTS parsing error: invalid sfntVersion: 218762506 @ http://localhost:11000/sign-in:0
[  110257ms] [WARNING] Failed to decode downloaded font: http://localhost:11000/assets/?unstable_path=.%2Fassets%2Ffonts/Quicksand-Regular.ttf @ http://localhost:11000/sign-in:0
[  110257ms] [WARNING] OTS parsing error: invalid sfntVersion: 218762506 @ http://localhost:11000/sign-in:0
[  110257ms] [WARNING] Failed to decode downloaded font: http://localhost:11000/assets/?unstable_path=.%2Fassets%2Ffonts/Quicksand-Medium.ttf @ http://localhost:11000/sign-in:0
[  110257ms] [WARNING] OTS parsing error: invalid sfntVersion: 218762506 @ http://localhost:11000/sign-in:0
[  110257ms] [WARNING] Failed to decode downloaded font: http://localhost:11000/assets/?unstable_path=.%2Fassets%2Ffonts/Quicksand-SemiBold.ttf @ http://localhost:11000/sign-in:0
[  110257ms] [WARNING] OTS parsing error: invalid sfntVersion: 218762506 @ http://localhost:11000/sign-in:0
[  110257ms] [WARNING] Failed to decode downloaded font: http://localhost:11000/assets/?unstable_path=.%2Fassets%2Ffonts/Quicksand-Bold.ttf @ http://localhost:11000/sign-in:0
[  110257ms] [WARNING] OTS parsing error: invalid sfntVersion: 218762506 @ http://localhost:11000/sign-in:0
[  110521ms] [WARNING] Failed to decode downloaded font: http://localhost:11000/assets/?unstable_path=.%2Fassets%2Ffonts/Quicksand-Regular.ttf @ http://localhost:11000/sign-in:0
[  110521ms] [WARNING] OTS parsing error: invalid sfntVersion: 218762506 @ http://localhost:11000/sign-in:0
[  110521ms] [WARNING] Failed to decode downloaded font: http://localhost:11000/assets/?unstable_path=.%2Fassets%2Ffonts/Quicksand-Medium.ttf @ http://localhost:11000/sign-in:0
[  110522ms] [WARNING] OTS parsing error: invalid sfntVersion: 218762506 @ http://localhost:11000/sign-in:0
[  110522ms] [WARNING] Failed to decode downloaded font: http://localhost:11000/assets/?unstable_path=.%2Fassets%2Ffonts/Quicksand-SemiBold.ttf @ http://localhost:11000/sign-in:0
[  110522ms] [WARNING] OTS parsing error: invalid sfntVersion: 218762506 @ http://localhost:11000/sign-in:0
[  110522ms] [WARNING] Failed to decode downloaded font: http://localhost:11000/assets/?unstable_path=.%2Fassets%2Ffonts/Quicksand-Bold.ttf @ http://localhost:11000/sign-in:0
[  110522ms] [WARNING] OTS parsing error: invalid sfntVersion: 218762506 @ http://localhost:11000/sign-in:0
[  131249ms] [WARNING] Failed to decode downloaded font: http://localhost:11000/assets/?unstable_path=.%2Fassets%2Ffonts/Quicksand-Regular.ttf @ http://localhost:11000/sign-in:0
[  131249ms] [WARNING] OTS parsing error: invalid sfntVersion: 218762506 @ http://localhost:11000/sign-in:0
[  131249ms] [WARNING] Failed to decode downloaded font: http://localhost:11000/assets/?unstable_path=.%2Fassets%2Ffonts/Quicksand-Medium.ttf @ http://localhost:11000/sign-in:0
[  131249ms] [WARNING] OTS parsing error: invalid sfntVersion: 218762506 @ http://localhost:11000/sign-in:0
[  131249ms] [WARNING] Failed to decode downloaded font: http://localhost:11000/assets/?unstable_path=.%2Fassets%2Ffonts/Quicksand-SemiBold.ttf @ http://localhost:11000/sign-in:0
[  131249ms] [WARNING] OTS parsing error: invalid sfntVersion: 218762506 @ http://localhost:11000/sign-in:0
[  131250ms] [WARNING] Failed to decode downloaded font: http://localhost:11000/assets/?unstable_path=.%2Fassets%2Ffonts/Quicksand-Bold.ttf @ http://localhost:11000/sign-in:0
[  131250ms] [WARNING] OTS parsing error: invalid sfntVersion: 218762506 @ http://localhost:11000/sign-in:0
[  131509ms] [WARNING] Failed to decode downloaded font: http://localhost:11000/assets/?unstable_path=.%2Fassets%2Ffonts/Quicksand-Regular.ttf @ http://localhost:11000/sign-in:0
[  131509ms] [WARNING] OTS parsing error: invalid sfntVersion: 218762506 @ http://localhost:11000/sign-in:0
[  131509ms] [WARNING] Failed to decode downloaded font: http://localhost:11000/assets/?unstable_path=.%2Fassets%2Ffonts/Quicksand-Medium.ttf @ http://localhost:11000/sign-in:0
[  131509ms] [WARNING] OTS parsing error: invalid sfntVersion: 218762506 @ http://localhost:11000/sign-in:0
[  131509ms] [WARNING] Failed to decode downloaded font: http://localhost:11000/assets/?unstable_path=.%2Fassets%2Ffonts/Quicksand-SemiBold.ttf @ http://localhost:11000/sign-in:0
[  131509ms] [WARNING] OTS parsing error: invalid sfntVersion: 218762506 @ http://localhost:11000/sign-in:0
[  131509ms] [WARNING] Failed to decode downloaded font: http://localhost:11000/assets/?unstable_path=.%2Fassets%2Ffonts/Quicksand-Bold.ttf @ http://localhost:11000/sign-in:0
[  131509ms] [WARNING] OTS parsing error: invalid sfntVersion: 218762506 @ http://localhost:11000/sign-in:0
[  137981ms] [WARNING] Failed to decode downloaded font: http://localhost:11000/assets/?unstable_path=.%2Fassets%2Ffonts/Quicksand-Regular.ttf @ http://localhost:11000/sign-in:0
[  137981ms] [WARNING] OTS parsing error: invalid sfntVersion: 218762506 @ http://localhost:11000/sign-in:0
[  137981ms] [WARNING] Failed to decode downloaded font: http://localhost:11000/assets/?unstable_path=.%2Fassets%2Ffonts/Quicksand-Medium.ttf @ http://localhost:11000/sign-in:0
[  137982ms] [WARNING] OTS parsing error: invalid sfntVersion: 218762506 @ http://localhost:11000/sign-in:0
[  137982ms] [WARNING] Failed to decode downloaded font: http://localhost:11000/assets/?unstable_path=.%2Fassets%2Ffonts/Quicksand-SemiBold.ttf @ http://localhost:11000/sign-in:0
[  137982ms] [WARNING] OTS parsing error: invalid sfntVersion: 218762506 @ http://localhost:11000/sign-in:0
[  137982ms] [WARNING] Failed to decode downloaded font: http://localhost:11000/assets/?unstable_path=.%2Fassets%2Ffonts/Quicksand-Bold.ttf @ http://localhost:11000/sign-in:0
[  137982ms] [WARNING] OTS parsing error: invalid sfntVersion: 218762506 @ http://localhost:11000/sign-in:0
[  138244ms] [WARNING] Failed to decode downloaded font: http://localhost:11000/assets/?unstable_path=.%2Fassets%2Ffonts/Quicksand-Regular.ttf @ http://localhost:11000/sign-in:0
[  138244ms] [WARNING] OTS parsing error: invalid sfntVersion: 218762506 @ http://localhost:11000/sign-in:0
[  138244ms] [WARNING] Failed to decode downloaded font: http://localhost:11000/assets/?unstable_path=.%2Fassets%2Ffonts/Quicksand-Medium.ttf @ http://localhost:11000/sign-in:0
[  138244ms] [WARNING] OTS parsing error: invalid sfntVersion: 218762506 @ http://localhost:11000/sign-in:0
[  138244ms] [WARNING] Failed to decode downloaded font: http://localhost:11000/assets/?unstable_path=.%2Fassets%2Ffonts/Quicksand-SemiBold.ttf @ http://localhost:11000/sign-in:0
[  138244ms] [WARNING] OTS parsing error: invalid sfntVersion: 218762506 @ http://localhost:11000/sign-in:0
[  138244ms] [WARNING] Failed to decode downloaded font: http://localhost:11000/assets/?unstable_path=.%2Fassets%2Ffonts/Quicksand-Bold.ttf @ http://localhost:11000/sign-in:0
[  138244ms] [WARNING] OTS parsing error: invalid sfntVersion: 218762506 @ http://localhost:11000/sign-in:0
[  226405ms] [WARNING] Failed to decode downloaded font: http://localhost:11000/assets/?unstable_path=.%2Fassets%2Ffonts/Quicksand-Regular.ttf @ http://localhost:11000/sign-in:0
[  226405ms] [WARNING] OTS parsing error: invalid sfntVersion: 218762506 @ http://localhost:11000/sign-in:0
[  226405ms] [WARNING] Failed to decode downloaded font: http://localhost:11000/assets/?unstable_path=.%2Fassets%2Ffonts/Quicksand-Medium.ttf @ http://localhost:11000/sign-in:0
[  226405ms] [WARNING] OTS parsing error: invalid sfntVersion: 218762506 @ http://localhost:11000/sign-in:0
[  226405ms] [WARNING] Failed to decode downloaded font: http://localhost:11000/assets/?unstable_path=.%2Fassets%2Ffonts/Quicksand-SemiBold.ttf @ http://localhost:11000/sign-in:0
[  226405ms] [WARNING] OTS parsing error: invalid sfntVersion: 218762506 @ http://localhost:11000/sign-in:0
[  226405ms] [WARNING] Failed to decode downloaded font: http://localhost:11000/assets/?unstable_path=.%2Fassets%2Ffonts/Quicksand-Bold.ttf @ http://localhost:11000/sign-in:0
[  226405ms] [WARNING] OTS parsing error: invalid sfntVersion: 218762506 @ http://localhost:11000/sign-in:0
[  226669ms] [WARNING] Failed to decode downloaded font: http://localhost:11000/assets/?unstable_path=.%2Fassets%2Ffonts/Quicksand-Regular.ttf @ http://localhost:11000/sign-in:0
[  226669ms] [WARNING] OTS parsing error: invalid sfntVersion: 218762506 @ http://localhost:11000/sign-in:0
[  226669ms] [WARNING] Failed to decode downloaded font: http://localhost:11000/assets/?unstable_path=.%2Fassets%2Ffonts/Quicksand-Medium.ttf @ http://localhost:11000/sign-in:0
[  226669ms] [WARNING] OTS parsing error: invalid sfntVersion: 218762506 @ http://localhost:11000/sign-in:0
[  226669ms] [WARNING] Failed to decode downloaded font: http://localhost:11000/assets/?unstable_path=.%2Fassets%2Ffonts/Quicksand-SemiBold.ttf @ http://localhost:11000/sign-in:0
[  226669ms] [WARNING] OTS parsing error: invalid sfntVersion: 218762506 @ http://localhost:11000/sign-in:0
[  226669ms] [WARNING] Failed to decode downloaded font: http://localhost:11000/assets/?unstable_path=.%2Fassets%2Ffonts/Quicksand-Bold.ttf @ http://localhost:11000/sign-in:0
[  226669ms] [WARNING] OTS parsing error: invalid sfntVersion: 218762506 @ http://localhost:11000/sign-in:0
